<?xml version="1.0" encoding="UTF-8"?>
<!-- Generated by org.testng.reporters.JUnitXMLReporter -->
<testsuite hostname="Internet-PC" ignored="0" name="Default test" tests="1" failures="1" timestamp="24 Jul 2021 03:14:56 GMT" time="1.515" errors="0">
  <testcase name="runScenario" time="0.274" classname="io.cucumber.testng.AbstractTestNGCucumberTests">
    <failure type="java.lang.NullPointerException">
      <![CDATA[java.lang.NullPointerException
at pages.Login_page.openUrl(Login_page.java:18)
at testSuite.Loginstep.user_is_on_login_page(Loginstep.java:15)
at ✽.user is on login page(file:///D:/salesforceproj/Salesforce/src/test/java/testSuite/Login.feature:9)
]]>
    </failure>
  </testcase> <!-- runScenario -->
</testsuite> <!-- Default test -->
